<?xml version="1.0" encoding="UTF-8"?>
<!-- Generated by org.testng.reporters.JUnitReportReporter -->
<testsuite hostname="DESKTOP-HEH9KKN" failures="0" tests="1" name="auto_testcases.Login_test_case" time="14.875" errors="0" timestamp="2022-08-13T03:27:03 PDT" skipped="0">
  <testcase classname="auto_testcases.Login_test_case" name="loginapp" time="14.875"/>
  <system-out/>
</testsuite> <!-- auto_testcases.Login_test_case -->
